14:57:25 **** Auto Build of configuration Debug for project part_2 ****
make pre-build main-build 
a9-linaro-pre-build-step
' '
'Building file: ../src/OLEDControllerCustom.c'
'Invoking: ARM v7 gcc compiler'
arm-none-eabi-gcc -Wall -O0 -g3 -c -fmessage-length=0 -MT"src/OLEDControllerCustom.o" -mcpu=cortex-a9 -mfpu=vfpv3 -mfloat-abi=hard -I../../part_2_bsp/ps7_cortexa9_0/include -MMD -MP -MF"src/OLEDControllerCustom.d" -MT"src/OLEDControllerCustom.o" -o "src/OLEDControllerCustom.o" "../src/OLEDControllerCustom.c"
../src/OLEDControllerCustom.c: In function 'OLED_DrawLineTo':
../src/OLEDControllerCustom.c:16:11: warning: implicit declaration of function 'grphClampXco' [-Wimplicit-function-declaration]
     xco = grphClampXco(xco);
           ^~~~~~~~~~~~
../src/OLEDControllerCustom.c:17:11: warning: implicit declaration of function 'grphClampYco' [-Wimplicit-function-declaration]
     yco = grphClampYco(yco);
           ^~~~~~~~~~~~
../src/OLEDControllerCustom.c:23:9: warning: implicit declaration of function 'grphAbs' [-Wimplicit-function-declaration]
     if (grphAbs(dxco) >= grphAbs(dyco)){
         ^~~~~~~
'Finished building: ../src/OLEDControllerCustom.c'
' '
'Building file: ../src/lab_3_part_2_student.c'
'Invoking: ARM v7 gcc compiler'
arm-none-eabi-gcc -Wall -O0 -g3 -c -fmessage-length=0 -MT"src/lab_3_part_2_student.o" -mcpu=cortex-a9 -mfpu=vfpv3 -mfloat-abi=hard -I../../part_2_bsp/ps7_cortexa9_0/include -MMD -MP -MF"src/lab_3_part_2_student.d" -MT"src/lab_3_part_2_student.o" -o "src/lab_3_part_2_student.o" "../src/lab_3_part_2_student.c"
'Finished building: ../src/lab_3_part_2_student.c'
' '
'Building file: ../src/pmodkypd.c'
'Invoking: ARM v7 gcc compiler'
arm-none-eabi-gcc -Wall -O0 -g3 -c -fmessage-length=0 -MT"src/pmodkypd.o" -mcpu=cortex-a9 -mfpu=vfpv3 -mfloat-abi=hard -I../../part_2_bsp/ps7_cortexa9_0/include -MMD -MP -MF"src/pmodkypd.d" -MT"src/pmodkypd.o" -o "src/pmodkypd.o" "../src/pmodkypd.c"
'Finished building: ../src/pmodkypd.c'
' '
'Building target: part_2.elf'
'Invoking: ARM v7 gcc linker'
arm-none-eabi-gcc -mcpu=cortex-a9 -mfpu=vfpv3 -mfloat-abi=hard -Wl,-build-id=none -specs=Xilinx.spec -Wl,-T -Wl,../src/lscript.ld -L../../part_2_bsp/ps7_cortexa9_0/lib -o "part_2.elf"  ./src/OLEDControllerCustom.o ./src/freertos_hello_world.o ./src/lab_3_part_2_student.o ./src/pmodkypd.o   -Wl,--start-group,-lxil,-lfreertos,-lgcc,-lc,--end-group
c:/xilinx/sdk/2019.1/gnu/aarch32/nt/gcc-arm-none-eabi/bin/../lib/gcc/arm-none-eabi/8.2.0/../../../../arm-none-eabi/bin/ld.exe: ./src/lab_3_part_2_student.o: in function `main':
C:\Users\matahir\Desktop\ECE-315-Lab\Lab_3\lab_3_hw\lab_3_hw.sdk\part_2\Debug/../src/lab_3_part_2_student.c:42: multiple definition of `main'; ./src/freertos_hello_world.o:C:\Users\matahir\Desktop\ECE-315-Lab\Lab_3\lab_3_hw\lab_3_hw.sdk\part_2\Debug/../src/freertos_hello_world.c:61: first defined here
collect2.exe: error: ld returned 1 exit status
make: *** [makefile:41: part_2.elf] Error 1

14:57:27 Build Finished (took 1s.247ms)

